#
# A fatal error has been detected by the Java Runtime Environment:
#
#  EXCEPTION_ACCESS_VIOLATION (0xc0000005) at pc=0x00000000747fc0ca, pid=8764, tid=0x0000000000001ed8
#
# JRE version: Java(TM) SE Runtime Environment (8.0_221-b11) (build 1.8.0_221-b11)
# Java VM: Java HotSpot(TM) 64-Bit Server VM (25.221-b11 mixed mode windows-amd64 compressed oops)
# Problematic frame:
# V  [jvm.dll+0x13c0ca]
#
# Failed to write core dump. Minidumps are not enabled by default on client versions of Windows
#
# If you would like to submit a bug report, please visit:
#   http://bugreport.java.com/bugreport/crash.jsp
#

---------------  T H R E A D  ---------------

Current thread (0x0000000017654800):  JavaThread "JDWP Transport Listener: dt_socket" daemon [_thread_in_vm, id=7896, stack(0x0000000018c90000,0x0000000018d90000)]

siginfo: ExceptionCode=0xc0000005, reading address 0x0000000000000000

Registers:
RAX=0x0000000000000003, RBX=0x0000000000000000, RCX=0x0000000000000000, RDX=0x0000000000000000
RSP=0x0000000018d8edb0, RBP=0x0000000018d8eea9, RSI=0x000000001af89508, RDI=0x000000001e3d1370
R8 =0x000000000000000c, R9 =0x00000000746c0000, R10=0x000000001e3d1370, R11=0x00000000746c0000
R12=0x000000000000000c, R13=0x000000000000000c, R14=0x000000001af89458, R15=0x0000000000000003
RIP=0x00000000747fc0ca, EFLAGS=0x0000000000010202

Top of Stack: (sp=0x0000000018d8edb0)
0x0000000018d8edb0:   00000000028bc9b0 000000001af894c8
0x0000000018d8edc0:   0000000000000000 0000000000007fe8
0x0000000018d8edd0:   000000001e3d1370 00000000747b6d08
0x0000000018d8ede0:   0000000000000000 000000001af89500
0x0000000018d8edf0:   0000000000000020 0000000000000020
0x0000000018d8ee00:   0000000000000008 00000000747b80e1
0x0000000018d8ee10:   000000001ba98e36 0000000074fd8d17
0x0000000018d8ee20:   00000000028bd430 0000000074736ff8
0x0000000018d8ee30:   0000000000000020 000000001764e920
0x0000000018d8ee40:   0000000018d8f0f8 0000000017654800
0x0000000018d8ee50:   0000000000000007 0000000074eda490
0x0000000018d8ee60:   0000000000000000 0000000074fd8d17
0x0000000018d8ee70:   0000000000000002 000000000000032a
0x0000000018d8ee80:   000000000000032a 000000000000032a
0x0000000018d8ee90:   000000001ba90016 00000000748d0003
0x0000000018d8eea0:   0000000000000007 000000000000032a 

Instructions: (pc=0x00000000747fc0ca)
0x00000000747fc0aa:   ff ca 88 41 ff 75 ef 43 c6 04 10 00 49 8b c2 c3
0x00000000747fc0ba:   cc cc cc cc cc cc 48 89 5c 24 08 57 48 83 ec 20
0x00000000747fc0ca:   0f b7 39 48 8b d9 33 d2 ff c7 48 63 cf e8 a4 1a
0x00000000747fc0da:   fb ff 4c 8b d8 85 ff 7e 45 44 0f b7 03 8d 57 ff 


Register to memory mapping:

RAX=0x0000000000000003 is an unknown value
RBX=0x0000000000000000 is an unknown value
RCX=0x0000000000000000 is an unknown value
RDX=0x0000000000000000 is an unknown value
RSP=0x0000000018d8edb0 is pointing into the stack for thread: 0x0000000017654800
RBP=0x0000000018d8eea9 is pointing into the stack for thread: 0x0000000017654800
RSI=0x000000001af89508 is pointing into metadata
RDI=0x000000001e3d1370 is an unknown value
R8 =0x000000000000000c is an unknown value
R9 =0x00000000746c0000 is an unknown value
R10=0x000000001e3d1370 is an unknown value
R11=0x00000000746c0000 is an unknown value
R12=0x000000000000000c is an unknown value
R13=0x000000000000000c is an unknown value
R14=0x000000001af89458 is pointing into metadata
R15=0x0000000000000003 is an unknown value


Stack: [0x0000000018c90000,0x0000000018d90000],  sp=0x0000000018d8edb0,  free space=1019k
Native frames: (J=compiled Java code, j=interpreted, Vv=VM code, C=native code)
V  [jvm.dll+0x13c0ca]
V  [jvm.dll+0xf6d08]
V  [jvm.dll+0xf80e1]
V  [jvm.dll+0x1a00d2]
V  [jvm.dll+0x1ab8ca]
V  [jvm.dll+0x34c424]
C  [jdwp.dll+0x58b2]
C  [jdwp.dll+0xf15d]
C  [jdwp.dll+0x1f5c9]
C  [jdwp.dll+0x1f79e]
V  [jvm.dll+0x1be4ba]
V  [jvm.dll+0x24666f]
V  [jvm.dll+0x29fb8a]
C  [msvcr100.dll+0x21d9f]
C  [msvcr100.dll+0x21e3b]
C  [KERNEL32.DLL+0x17e94]
C  [ntdll.dll+0x67ad1]


---------------  P R O C E S S  ---------------

Java Threads: ( => current thread )
  0x000000001e687000 JavaThread "http-nio-8080-exec-10" daemon [_thread_blocked, id=11460, stack(0x0000000022780000,0x0000000022880000)]
  0x000000001e681000 JavaThread "http-nio-8080-exec-9" daemon [_thread_blocked, id=7804, stack(0x0000000022680000,0x0000000022780000)]
  0x000000001e67f800 JavaThread "http-nio-8080-exec-8" daemon [_thread_blocked, id=12268, stack(0x0000000022580000,0x0000000022680000)]
  0x000000001e681800 JavaThread "http-nio-8080-exec-7" daemon [_thread_blocked, id=7760, stack(0x0000000022280000,0x0000000022380000)]
  0x000000001e683000 JavaThread "http-nio-8080-exec-6" daemon [_thread_blocked, id=8088, stack(0x0000000022180000,0x0000000022280000)]
  0x000000001e686000 JavaThread "http-nio-8080-exec-5" daemon [_thread_blocked, id=6836, stack(0x0000000022080000,0x0000000022180000)]
  0x000000001e684800 JavaThread "http-nio-8080-exec-4" daemon [_thread_blocked, id=9156, stack(0x0000000021f80000,0x0000000022080000)]
  0x000000001e684000 JavaThread "http-nio-8080-exec-3" daemon [_thread_blocked, id=9408, stack(0x0000000021e80000,0x0000000021f80000)]
  0x000000001e682800 JavaThread "http-nio-8080-exec-2" daemon [_thread_blocked, id=6200, stack(0x0000000021d80000,0x0000000021e80000)]
  0x000000001d774800 JavaThread "http-nio-8080-exec-1" daemon [_thread_blocked, id=8528, stack(0x0000000020ab0000,0x0000000020bb0000)]
  0x000000001d773000 JavaThread "DestroyJavaVM" [_thread_blocked, id=10276, stack(0x0000000002670000,0x0000000002770000)]
  0x000000001d772800 JavaThread "http-nio-8080-Acceptor" daemon [_thread_in_native, id=13296, stack(0x00000000203b0000,0x00000000204b0000)]
  0x000000001d771800 JavaThread "http-nio-8080-Poller" daemon [_thread_blocked, id=10336, stack(0x00000000202b0000,0x00000000203b0000)]
  0x000000001d76e800 JavaThread "Live Reload Server" daemon [_thread_in_native, id=2660, stack(0x00000000201b0000,0x00000000202b0000)]
  0x000000001d771000 JavaThread "File Watcher" daemon [_thread_blocked, id=12756, stack(0x000000001ffb0000,0x00000000200b0000)]
  0x000000001d76f800 JavaThread "HikariPool-1 housekeeper" daemon [_thread_blocked, id=13068, stack(0x000000001efb0000,0x000000001f0b0000)]
  0x0000000019269800 JavaThread "mysql-cj-abandoned-connection-cleanup" daemon [_thread_blocked, id=692, stack(0x000000001d5e0000,0x000000001d6e0000)]
  0x000000001c235000 JavaThread "container-0" [_thread_blocked, id=2560, stack(0x000000001d4e0000,0x000000001d5e0000)]
  0x000000001c234800 JavaThread "Catalina-utility-2" [_thread_blocked, id=11200, stack(0x000000001d3e0000,0x000000001d4e0000)]
  0x000000001c2ad000 JavaThread "Catalina-utility-1" [_thread_blocked, id=13620, stack(0x000000001d2e0000,0x000000001d3e0000)]
  0x0000000019317800 JavaThread "RMI Scheduler(0)" daemon [_thread_blocked, id=13708, stack(0x000000001ac10000,0x000000001ad10000)]
  0x00000000196db000 JavaThread "RMI TCP Accept-0" daemon [_thread_in_native, id=14976, stack(0x000000001a3d0000,0x000000001a4d0000)]
  0x0000000019466800 JavaThread "Service Thread" daemon [_thread_blocked, id=9516, stack(0x0000000019e90000,0x0000000019f90000)]
  0x00000000193df800 JavaThread "C1 CompilerThread2" daemon [_thread_blocked, id=4936, stack(0x0000000019d90000,0x0000000019e90000)]
  0x0000000019305800 JavaThread "C2 CompilerThread1" daemon [_thread_blocked, id=13556, stack(0x0000000019c90000,0x0000000019d90000)]
  0x0000000019304800 JavaThread "C2 CompilerThread0" daemon [_thread_blocked, id=12412, stack(0x0000000019b90000,0x0000000019c90000)]
  0x000000001765b000 JavaThread "JDWP Command Reader" daemon [_thread_in_native, id=5024, stack(0x0000000018e90000,0x0000000018f90000)]
  0x0000000017657800 JavaThread "JDWP Event Helper Thread" daemon [_thread_blocked, id=7056, stack(0x0000000018d90000,0x0000000018e90000)]
=>0x0000000017654800 JavaThread "JDWP Transport Listener: dt_socket" daemon [_thread_in_vm, id=7896, stack(0x0000000018c90000,0x0000000018d90000)]
  0x000000001763f800 JavaThread "Attach Listener" daemon [_thread_blocked, id=10728, stack(0x0000000018b90000,0x0000000018c90000)]
  0x000000001763e800 JavaThread "Signal Dispatcher" daemon [_thread_blocked, id=1904, stack(0x0000000018a90000,0x0000000018b90000)]
  0x000000000296d000 JavaThread "Finalizer" daemon [_thread_blocked, id=9500, stack(0x0000000018890000,0x0000000018990000)]
  0x000000001761a000 JavaThread "Reference Handler" daemon [_thread_blocked, id=2492, stack(0x0000000018790000,0x0000000018890000)]

Other Threads:
  0x00000000175f7800 VMThread [stack: 0x0000000018690000,0x0000000018790000] [id=2764]
  0x00000000196e5800 WatcherThread [stack: 0x000000001a4d0000,0x000000001a5d0000] [id=7048]

VM state:not at safepoint (normal execution)

VM Mutex/Monitor currently owned by a thread: None

heap address: 0x0000000081a00000, size: 2022 MB, Compressed Oops mode: 32-bit
Narrow klass base: 0x0000000000000000, Narrow klass shift: 3
Compressed class space size: 1073741824 Address: 0x0000000100000000

Heap:
 PSYoungGen      total 380928K, used 195986K [0x00000000d5e00000, 0x00000000f6600000, 0x0000000100000000)
  eden space 363008K, 53% used [0x00000000d5e00000,0x00000000e1d648d0,0x00000000ec080000)
  from space 17920K, 0% used [0x00000000ec080000,0x00000000ec080000,0x00000000ed200000)
  to   space 17408K, 0% used [0x00000000f5500000,0x00000000f5500000,0x00000000f6600000)
 ParOldGen       total 89600K, used 24453K [0x0000000081a00000, 0x0000000087180000, 0x00000000d5e00000)
  object space 89600K, 27% used [0x0000000081a00000,0x00000000831e1758,0x0000000087180000)
 Metaspace       used 67574K, capacity 71756K, committed 71896K, reserved 1112064K
  class space    used 8997K, capacity 9695K, committed 9728K, reserved 1048576K

Card table byte_map: [0x0000000011eb0000,0x00000000122b0000] byte_map_base: 0x0000000011aa3000

Marking Bits: (ParMarkBitMap*) 0x0000000074ee5ce0
 Begin Bits: [0x0000000012960000, 0x00000000148f8000)
 End Bits:   [0x00000000148f8000, 0x0000000016890000)

Polling page: 0x0000000000cb0000

CodeCache: size=245760Kb used=11289Kb max_used=11499Kb free=234470Kb
 bounds [0x0000000002af0000, 0x0000000003630000, 0x0000000011af0000]
 total_blobs=6175 nmethods=5568 adapters=526
 compilation: enabled

Compilation events (10 events):
Event: 255.331 Thread 0x00000000193df800 5724       1       java.security.PermissionsEnumerator::nextElement (30 bytes)
Event: 255.331 Thread 0x00000000193df800 nmethod 5724 0x0000000002cc4490 code [0x0000000002cc4620, 0x0000000002cc4888]
Event: 260.866 Thread 0x00000000193df800 5725       1       java.util.Collections$SetFromMap::iterator (10 bytes)
Event: 260.866 Thread 0x00000000193df800 nmethod 5725 0x0000000003479790 code [0x00000000034798e0, 0x0000000003479a28]
Event: 261.051 Thread 0x00000000193df800 5726       1       java.util.concurrent.locks.AbstractQueuedSynchronizer::isOnSyncQueue (33 bytes)
Event: 261.051 Thread 0x00000000193df800 nmethod 5726 0x00000000034793d0 code [0x0000000003479520, 0x00000000034796b0]
Event: 263.956 Thread 0x00000000193df800 5727       1       org.apache.coyote.AbstractProtocol$$Lambda$1066/777365607::run (8 bytes)
Event: 263.956 Thread 0x00000000193df800 nmethod 5727 0x0000000003479090 code [0x00000000034791e0, 0x0000000003479328]
Event: 263.957 Thread 0x00000000193df800 5728       1       org.apache.coyote.AbstractProtocol::lambda$startAsyncTimeout$1 (46 bytes)
Event: 263.957 Thread 0x00000000193df800 nmethod 5728 0x0000000003478b90 code [0x0000000003478d20, 0x0000000003478f58]

GC Heap History (10 events):
Event: 4.793 GC heap before
{Heap before GC invocations=10 (full 1):
 PSYoungGen      total 259072K, used 62800K [0x00000000d5e00000, 0x00000000e6980000, 0x0000000100000000)
  eden space 247808K, 20% used [0x00000000d5e00000,0x00000000d9058d90,0x00000000e5000000)
  from space 11264K, 99% used [0x00000000e5e80000,0x00000000e697b588,0x00000000e6980000)
  to   space 12800K, 0% used [0x00000000e5080000,0x00000000e5080000,0x00000000e5d00000)
 ParOldGen       total 46080K, used 6861K [0x0000000081a00000, 0x0000000084700000, 0x00000000d5e00000)
  object space 46080K, 14% used [0x0000000081a00000,0x00000000820b3650,0x0000000084700000)
 Metaspace       used 33179K, capacity 35316K, committed 35416K, reserved 1079296K
  class space    used 4509K, capacity 4945K, committed 4992K, reserved 1048576K
Event: 4.802 GC heap after
Heap after GC invocations=10 (full 1):
 PSYoungGen      total 261120K, used 8060K [0x00000000d5e00000, 0x00000000ee380000, 0x0000000100000000)
  eden space 248320K, 0% used [0x00000000d5e00000,0x00000000d5e00000,0x00000000e5080000)
  from space 12800K, 62% used [0x00000000e5080000,0x00000000e585f3b0,0x00000000e5d00000)
  to   space 12800K, 0% used [0x00000000ed700000,0x00000000ed700000,0x00000000ee380000)
 ParOldGen       total 46080K, used 6869K [0x0000000081a00000, 0x0000000084700000, 0x00000000d5e00000)
  object space 46080K, 14% used [0x0000000081a00000,0x00000000820b5650,0x0000000084700000)
 Metaspace       used 33179K, capacity 35316K, committed 35416K, reserved 1079296K
  class space    used 4509K, capacity 4945K, committed 4992K, reserved 1048576K
}
Event: 4.802 GC heap before
{Heap before GC invocations=11 (full 2):
 PSYoungGen      total 261120K, used 8060K [0x00000000d5e00000, 0x00000000ee380000, 0x0000000100000000)
  eden space 248320K, 0% used [0x00000000d5e00000,0x00000000d5e00000,0x00000000e5080000)
  from space 12800K, 62% used [0x00000000e5080000,0x00000000e585f3b0,0x00000000e5d00000)
  to   space 12800K, 0% used [0x00000000ed700000,0x00000000ed700000,0x00000000ee380000)
 ParOldGen       total 46080K, used 6869K [0x0000000081a00000, 0x0000000084700000, 0x00000000d5e00000)
  object space 46080K, 14% used [0x0000000081a00000,0x00000000820b5650,0x0000000084700000)
 Metaspace       used 33179K, capacity 35316K, committed 35416K, reserved 1079296K
  class space    used 4509K, capacity 4945K, committed 4992K, reserved 1048576K
Event: 4.881 GC heap after
Heap after GC invocations=11 (full 2):
 PSYoungGen      total 261120K, used 0K [0x00000000d5e00000, 0x00000000ee380000, 0x0000000100000000)
  eden space 248320K, 0% used [0x00000000d5e00000,0x00000000d5e00000,0x00000000e5080000)
  from space 12800K, 0% used [0x00000000e5080000,0x00000000e5080000,0x00000000e5d00000)
  to   space 12800K, 0% used [0x00000000ed700000,0x00000000ed700000,0x00000000ee380000)
 ParOldGen       total 61952K, used 12981K [0x0000000081a00000, 0x0000000085680000, 0x00000000d5e00000)
  object space 61952K, 20% used [0x0000000081a00000,0x00000000826ad778,0x0000000085680000)
 Metaspace       used 33179K, capacity 35316K, committed 35416K, reserved 1079296K
  class space    used 4509K, capacity 4945K, committed 4992K, reserved 1048576K
}
Event: 7.014 GC heap before
{Heap before GC invocations=12 (full 2):
 PSYoungGen      total 261120K, used 248320K [0x00000000d5e00000, 0x00000000ee380000, 0x0000000100000000)
  eden space 248320K, 100% used [0x00000000d5e00000,0x00000000e5080000,0x00000000e5080000)
  from space 12800K, 0% used [0x00000000e5080000,0x00000000e5080000,0x00000000e5d00000)
  to   space 12800K, 0% used [0x00000000ed700000,0x00000000ed700000,0x00000000ee380000)
 ParOldGen       total 61952K, used 12981K [0x0000000081a00000, 0x0000000085680000, 0x00000000d5e00000)
  object space 61952K, 20% used [0x0000000081a00000,0x00000000826ad778,0x0000000085680000)
 Metaspace       used 51983K, capacity 55182K, committed 55384K, reserved 1097728K
  class space    used 7200K, capacity 7747K, committed 7808K, reserved 1048576K
Event: 7.034 GC heap after
Heap after GC invocations=12 (full 2):
 PSYoungGen      total 367104K, used 12780K [0x00000000d5e00000, 0x00000000ee380000, 0x0000000100000000)
  eden space 354304K, 0% used [0x00000000d5e00000,0x00000000d5e00000,0x00000000eb800000)
  from space 12800K, 99% used [0x00000000ed700000,0x00000000ee37b1b0,0x00000000ee380000)
  to   space 17920K, 0% used [0x00000000ec080000,0x00000000ec080000,0x00000000ed200000)
 ParOldGen       total 61952K, used 22698K [0x0000000081a00000, 0x0000000085680000, 0x00000000d5e00000)
  object space 61952K, 36% used [0x0000000081a00000,0x000000008302ab18,0x0000000085680000)
 Metaspace       used 51983K, capacity 55182K, committed 55384K, reserved 1097728K
  class space    used 7200K, capacity 7747K, committed 7808K, reserved 1048576K
}
Event: 7.514 GC heap before
{Heap before GC invocations=13 (full 2):
 PSYoungGen      total 367104K, used 79776K [0x00000000d5e00000, 0x00000000ee380000, 0x0000000100000000)
  eden space 354304K, 18% used [0x00000000d5e00000,0x00000000d9f6d050,0x00000000eb800000)
  from space 12800K, 99% used [0x00000000ed700000,0x00000000ee37b1b0,0x00000000ee380000)
  to   space 17920K, 0% used [0x00000000ec080000,0x00000000ec080000,0x00000000ed200000)
 ParOldGen       total 61952K, used 22698K [0x0000000081a00000, 0x0000000085680000, 0x00000000d5e00000)
  object space 61952K, 36% used [0x0000000081a00000,0x000000008302ab18,0x0000000085680000)
 Metaspace       used 55478K, capacity 58952K, committed 58968K, reserved 1099776K
  class space    used 7722K, capacity 8318K, committed 8320K, reserved 1048576K
Event: 7.527 GC heap after
Heap after GC invocations=13 (full 2):
 PSYoungGen      total 380928K, used 5704K [0x00000000d5e00000, 0x00000000f6600000, 0x0000000100000000)
  eden space 363008K, 0% used [0x00000000d5e00000,0x00000000d5e00000,0x00000000ec080000)
  from space 17920K, 31% used [0x00000000ec080000,0x00000000ec612250,0x00000000ed200000)
  to   space 17408K, 0% used [0x00000000f5500000,0x00000000f5500000,0x00000000f6600000)
 ParOldGen       total 61952K, used 30498K [0x0000000081a00000, 0x0000000085680000, 0x00000000d5e00000)
  object space 61952K, 49% used [0x0000000081a00000,0x00000000837c8b08,0x0000000085680000)
 Metaspace       used 55478K, capacity 58952K, committed 58968K, reserved 1099776K
  class space    used 7722K, capacity 8318K, committed 8320K, reserved 1048576K
}
Event: 7.527 GC heap before
{Heap before GC invocations=14 (full 3):
 PSYoungGen      total 380928K, used 5704K [0x00000000d5e00000, 0x00000000f6600000, 0x0000000100000000)
  eden space 363008K, 0% used [0x00000000d5e00000,0x00000000d5e00000,0x00000000ec080000)
  from space 17920K, 31% used [0x00000000ec080000,0x00000000ec612250,0x00000000ed200000)
  to   space 17408K, 0% used [0x00000000f5500000,0x00000000f5500000,0x00000000f6600000)
 ParOldGen       total 61952K, used 30498K [0x0000000081a00000, 0x0000000085680000, 0x00000000d5e00000)
  object space 61952K, 49% used [0x0000000081a00000,0x00000000837c8b08,0x0000000085680000)
 Metaspace       used 55478K, capacity 58952K, committed 58968K, reserved 1099776K
  class space    used 7722K, capacity 8318K, committed 8320K, reserved 1048576K
Event: 7.712 GC heap after
Heap after GC invocations=14 (full 3):
 PSYoungGen      total 380928K, used 0K [0x00000000d5e00000, 0x00000000f6600000, 0x0000000100000000)
  eden space 363008K, 0% used [0x00000000d5e00000,0x00000000d5e00000,0x00000000ec080000)
  from space 17920K, 0% used [0x00000000ec080000,0x00000000ec080000,0x00000000ed200000)
  to   space 17408K, 0% used [0x00000000f5500000,0x00000000f5500000,0x00000000f6600000)
 ParOldGen       total 89600K, used 24453K [0x0000000081a00000, 0x0000000087180000, 0x00000000d5e00000)
  object space 89600K, 27% used [0x0000000081a00000,0x00000000831e1758,0x0000000087180000)
 Metaspace       used 55478K, capacity 58952K, committed 58968K, reserved 1099776K
  class space    used 7722K, capacity 8318K, committed 8320K, reserved 1048576K
}

Deoptimization events (0 events):
No events

Classes redefined (0 events):
No events

Internal exceptions (10 events):
Event: 22.287 Thread 0x000000001d774800 Exception <a 'java/lang/ArrayIndexOutOfBoundsException'> (0x00000000dede2e38) thrown at [C:\re\workspace\8-2-build-windows-amd64-cygwin\jdk8u221\13320\hotspot\src\share\vm\runtime\sharedRuntime.cpp, line 605]
Event: 22.287 Thread 0x000000001d774800 Exception <a 'java/lang/ArrayIndexOutOfBoundsException'> (0x00000000dede44c0) thrown at [C:\re\workspace\8-2-build-windows-amd64-cygwin\jdk8u221\13320\hotspot\src\share\vm\runtime\sharedRuntime.cpp, line 605]
Event: 22.295 Thread 0x000000001d774800 Exception <a 'java/lang/ArrayIndexOutOfBoundsException'> (0x00000000dee28358) thrown at [C:\re\workspace\8-2-build-windows-amd64-cygwin\jdk8u221\13320\hotspot\src\share\vm\runtime\sharedRuntime.cpp, line 605]
Event: 22.296 Thread 0x000000001d774800 Exception <a 'java/lang/ArrayIndexOutOfBoundsException'> (0x00000000dee315a8) thrown at [C:\re\workspace\8-2-build-windows-amd64-cygwin\jdk8u221\13320\hotspot\src\share\vm\runtime\sharedRuntime.cpp, line 605]
Event: 22.336 Thread 0x000000001d774800 Exception <a 'java/lang/ArrayIndexOutOfBoundsException'> (0x00000000df031e88) thrown at [C:\re\workspace\8-2-build-windows-amd64-cygwin\jdk8u221\13320\hotspot\src\share\vm\runtime\sharedRuntime.cpp, line 605]
Event: 22.361 Thread 0x000000001d774800 Exception <a 'java/lang/ArrayIndexOutOfBoundsException'> (0x00000000df22c6f0) thrown at [C:\re\workspace\8-2-build-windows-amd64-cygwin\jdk8u221\13320\hotspot\src\share\vm\runtime\sharedRuntime.cpp, line 605]
Event: 23.357 Thread 0x000000001e686000 Exception <a 'java/lang/ArrayIndexOutOfBoundsException'> (0x00000000df4f7cc8) thrown at [C:\re\workspace\8-2-build-windows-amd64-cygwin\jdk8u221\13320\hotspot\src\share\vm\runtime\sharedRuntime.cpp, line 605]
Event: 88.003 Thread 0x000000001e687000 Exception <a 'java/lang/ArrayIndexOutOfBoundsException'> (0x00000000e040c0e0) thrown at [C:\re\workspace\8-2-build-windows-amd64-cygwin\jdk8u221\13320\hotspot\src\share\vm\runtime\sharedRuntime.cpp, line 605]
Event: 88.175 Thread 0x000000001e687000 Exception <a 'java/lang/NoSuchMethodError': java.lang.Object.lambda$static$0(Lorg/hibernate/type/EntityType;Ljava/lang/Object;Lorg/hibernate/engine/spi/SharedSessionContractImplementor;Ljava/lang/Object;Ljava/lang/Boolean;)Ljava/lang/Object;> (0x00000000e
Event: 263.957 Thread 0x000000001e687000 Exception <a 'java/lang/NoSuchMethodError': java.lang.Object.lambda$mapIfAllPresent$6(Ljava/util/Optional;Ljava/util/function/BiFunction;Ljava/lang/Object;)Ljava/util/Optional;> (0x00000000e1c215b8) thrown at [C:\re\workspace\8-2-build-windows-amd64-cygwi

Events (10 events):
Event: 266.060 Executing VM operation: GetOrSetLocal
Event: 266.060 Executing VM operation: GetOrSetLocal done
Event: 266.060 Executing VM operation: GetOrSetLocal
Event: 266.060 Executing VM operation: GetOrSetLocal done
Event: 266.060 Executing VM operation: GetOrSetLocal
Event: 266.060 Executing VM operation: GetOrSetLocal done
Event: 266.060 Executing VM operation: GetOrSetLocal
Event: 266.060 Executing VM operation: GetOrSetLocal done
Event: 266.060 Executing VM operation: GetOrSetLocal
Event: 266.060 Executing VM operation: GetOrSetLocal done


Dynamic libraries:
0x00007ff6eacb0000 - 0x00007ff6eace7000 	C:\Program Files\Java\jdk1.8.0_221\bin\java.exe
0x00007ff8c9ab0000 - 0x00007ff8c9c9d000 	C:\Windows\SYSTEM32\ntdll.dll
0x00007ff8c8620000 - 0x00007ff8c86d3000 	C:\Windows\System32\KERNEL32.DLL
0x00007ff8c62a0000 - 0x00007ff8c6533000 	C:\Windows\System32\KERNELBASE.dll
0x00007ff8c94a0000 - 0x00007ff8c9543000 	C:\Windows\System32\ADVAPI32.dll
0x00007ff8c8d70000 - 0x00007ff8c8e0e000 	C:\Windows\System32\msvcrt.dll
0x00007ff8c83f0000 - 0x00007ff8c848e000 	C:\Windows\System32\sechost.dll
0x00007ff8c84f0000 - 0x00007ff8c8613000 	C:\Windows\System32\RPCRT4.dll
0x00007ff8c6d40000 - 0x00007ff8c6ed7000 	C:\Windows\System32\USER32.dll
0x00007ff8c5f30000 - 0x00007ff8c5f50000 	C:\Windows\System32\win32u.dll
0x00007ff8c9300000 - 0x00007ff8c9329000 	C:\Windows\System32\GDI32.dll
0x00007ff8c6060000 - 0x00007ff8c61fa000 	C:\Windows\System32\gdi32full.dll
0x00007ff8c6200000 - 0x00007ff8c62a0000 	C:\Windows\System32\msvcp_win.dll
0x00007ff8c5db0000 - 0x00007ff8c5eac000 	C:\Windows\System32\ucrtbase.dll
0x00007ff8b5020000 - 0x00007ff8b5299000 	C:\Windows\WinSxS\amd64_microsoft.windows.common-controls_6595b64144ccf1df_6.0.17763.107_none_05b63884071e656e\COMCTL32.dll
0x00007ff8c8780000 - 0x00007ff8c8aae000 	C:\Windows\System32\combase.dll
0x00007ff8c5eb0000 - 0x00007ff8c5f2e000 	C:\Windows\System32\bcryptPrimitives.dll
0x00007ff8c98a0000 - 0x00007ff8c98ce000 	C:\Windows\System32\IMM32.DLL
0x0000000074f70000 - 0x0000000075042000 	C:\Program Files\Java\jdk1.8.0_221\jre\bin\msvcr100.dll
0x00000000746c0000 - 0x0000000074f65000 	C:\Program Files\Java\jdk1.8.0_221\jre\bin\server\jvm.dll
0x00007ff8c9330000 - 0x00007ff8c9338000 	C:\Windows\System32\PSAPI.DLL
0x00007ff8b01f0000 - 0x00007ff8b01f9000 	C:\Windows\SYSTEM32\WSOCK32.dll
0x00007ff8c9290000 - 0x00007ff8c92fd000 	C:\Windows\System32\WS2_32.dll
0x00007ff8c3de0000 - 0x00007ff8c3e04000 	C:\Windows\SYSTEM32\WINMM.dll
0x00007ff8b90f0000 - 0x00007ff8b90fa000 	C:\Windows\SYSTEM32\VERSION.dll
0x00007ff8c3cd0000 - 0x00007ff8c3cfd000 	C:\Windows\SYSTEM32\WINMMBASE.dll
0x00007ff8c5d60000 - 0x00007ff8c5daa000 	C:\Windows\System32\cfgmgr32.dll
0x00007ff8b34d0000 - 0x00007ff8b34df000 	C:\Program Files\Java\jdk1.8.0_221\jre\bin\verify.dll
0x00007ff8994b0000 - 0x00007ff8994d9000 	C:\Program Files\Java\jdk1.8.0_221\jre\bin\java.dll
0x00007ff89b1a0000 - 0x00007ff89b1d5000 	C:\Program Files\Java\jdk1.8.0_221\jre\bin\jdwp.dll
0x00007ff8bfac0000 - 0x00007ff8bfac8000 	C:\Program Files\Java\jdk1.8.0_221\jre\bin\npt.dll
0x00007ff89b170000 - 0x00007ff89b193000 	C:\Program Files\Java\jdk1.8.0_221\jre\bin\instrument.dll
0x00007ff899490000 - 0x00007ff8994a6000 	C:\Program Files\Java\jdk1.8.0_221\jre\bin\zip.dll
0x00007ff8c6f00000 - 0x00007ff8c83ef000 	C:\Windows\System32\SHELL32.dll
0x00007ff8c9680000 - 0x00007ff8c9728000 	C:\Windows\System32\shcore.dll
0x00007ff8c6540000 - 0x00007ff8c6c88000 	C:\Windows\System32\windows.storage.dll
0x00007ff8c5ab0000 - 0x00007ff8c5ad4000 	C:\Windows\System32\profapi.dll
0x00007ff8c5b20000 - 0x00007ff8c5b7d000 	C:\Windows\System32\powrprof.dll
0x00007ff8c6ce0000 - 0x00007ff8c6d32000 	C:\Windows\System32\shlwapi.dll
0x00007ff8c5ae0000 - 0x00007ff8c5af1000 	C:\Windows\System32\kernel.appcore.dll
0x00007ff8c6c90000 - 0x00007ff8c6ca7000 	C:\Windows\System32\cryptsp.dll
0x00007ff8bfab0000 - 0x00007ff8bfab9000 	C:\Program Files\Java\jdk1.8.0_221\jre\bin\dt_socket.dll
0x00007ff8c5340000 - 0x00007ff8c53a7000 	C:\Windows\system32\mswsock.dll
0x00007ff8800a0000 - 0x00007ff8800ba000 	C:\Program Files\Java\jdk1.8.0_221\jre\bin\net.dll
0x00007ff8b6160000 - 0x00007ff8b6337000 	C:\Windows\SYSTEM32\urlmon.dll
0x00007ff8b6980000 - 0x00007ff8b6c28000 	C:\Windows\SYSTEM32\iertutil.dll
0x00007ff8c5510000 - 0x00007ff8c551c000 	C:\Windows\SYSTEM32\CRYPTBASE.DLL
0x00007ff8c50e0000 - 0x00007ff8c51a6000 	C:\Windows\SYSTEM32\DNSAPI.dll
0x00007ff8c6ee0000 - 0x00007ff8c6ee8000 	C:\Windows\System32\NSI.dll
0x00007ff8c50a0000 - 0x00007ff8c50dd000 	C:\Windows\SYSTEM32\IPHLPAPI.DLL
0x00000000761c0000 - 0x00000000761e6000 	C:\Program Files\Bonjour\mdnsNSP.dll
0x00007ff8b48b0000 - 0x00007ff8b48ba000 	C:\Windows\System32\rasadhlp.dll
0x00007ff8b5b50000 - 0x00007ff8b5bc9000 	C:\Windows\System32\fwpuclnt.dll
0x00007ff8c6cb0000 - 0x00007ff8c6cd6000 	C:\Windows\System32\bcrypt.dll
0x00007ff8bd7a0000 - 0x00007ff8bd7ad000 	C:\Program Files\Java\jdk1.8.0_221\jre\bin\management.dll
0x00007ff87f270000 - 0x00007ff87f282000 	C:\Program Files\Java\jdk1.8.0_221\jre\bin\nio.dll
0x00007ff8c4f00000 - 0x00007ff8c4f33000 	C:\Windows\system32\rsaenh.dll
0x00007ff8c59e0000 - 0x00007ff8c5a08000 	C:\Windows\SYSTEM32\USERENV.dll
0x00007ff8bd090000 - 0x00007ff8bd0a6000 	C:\Windows\SYSTEM32\dhcpcsvc6.DLL
0x00007ff8bd070000 - 0x00007ff8bd08c000 	C:\Windows\SYSTEM32\dhcpcsvc.DLL
0x00007ff8a6ad0000 - 0x00007ff8a6ae6000 	C:\Windows\system32\napinsp.dll
0x00007ff8a6ab0000 - 0x00007ff8a6aca000 	C:\Windows\system32\pnrpnsp.dll
0x00007ff8afda0000 - 0x00007ff8afdae000 	C:\Windows\System32\winrnr.dll
0x00007ff8c2270000 - 0x00007ff8c228b000 	C:\Windows\system32\NLAapi.dll
0x00007ff8bc890000 - 0x00007ff8bc8a5000 	C:\Windows\system32\wshbth.dll
0x00007ff8b2050000 - 0x00007ff8b223d000 	C:\Windows\SYSTEM32\dbghelp.dll

VM Arguments:
jvm_args: -agentlib:jdwp=transport=dt_socket,address=127.0.0.1:52232,suspend=y,server=n -XX:TieredStopAtLevel=1 -Xverify:none -Dspring.output.ansi.enabled=always -Dcom.sun.management.jmxremote -Dspring.jmx.enabled=true -Dspring.liveBeansView.mbeanDomain -Dspring.application.admin.enabled=true -javaagent:C:\Users\Admin\AppData\Local\JetBrains\IntelliJIdea2020.1\captureAgent\debugger-agent.jar -Dfile.encoding=UTF-8 
java_command: com.eshop.store.StoreApplication
java_class_path (initial): C:\Program Files\Java\jdk1.8.0_221\jre\lib\charsets.jar;C:\Program Files\Java\jdk1.8.0_221\jre\lib\deploy.jar;C:\Program Files\Java\jdk1.8.0_221\jre\lib\ext\access-bridge-64.jar;C:\Program Files\Java\jdk1.8.0_221\jre\lib\ext\cldrdata.jar;C:\Program Files\Java\jdk1.8.0_221\jre\lib\ext\dnsns.jar;C:\Program Files\Java\jdk1.8.0_221\jre\lib\ext\jaccess.jar;C:\Program Files\Java\jdk1.8.0_221\jre\lib\ext\jfxrt.jar;C:\Program Files\Java\jdk1.8.0_221\jre\lib\ext\localedata.jar;C:\Program Files\Java\jdk1.8.0_221\jre\lib\ext\nashorn.jar;C:\Program Files\Java\jdk1.8.0_221\jre\lib\ext\sunec.jar;C:\Program Files\Java\jdk1.8.0_221\jre\lib\ext\sunjce_provider.jar;C:\Program Files\Java\jdk1.8.0_221\jre\lib\ext\sunmscapi.jar;C:\Program Files\Java\jdk1.8.0_221\jre\lib\ext\sunpkcs11.jar;C:\Program Files\Java\jdk1.8.0_221\jre\lib\ext\zipfs.jar;C:\Program Files\Java\jdk1.8.0_221\jre\lib\javaws.jar;C:\Program Files\Java\jdk1.8.0_221\jre\lib\jce.jar;C:\Program Files\Java\jdk1.8.0_221\jre\lib\jfr.jar;C:\Program Files\Java\jdk1.8.0_221\jre\lib\jfxswt.jar;C:\Program Files\Java\jdk1.8.0_221\jre\lib\jsse.jar;C:\Program Files\Java\jdk1.8.0_221\jre\lib\management-agent.jar;C:\Program Files\Java\jdk1.8.0_221\jre\lib\plugin.jar;C:\Program Files\Java\jdk1.8.0_221\jre\lib\resources.jar;C:\Program Files\Java\jdk1.8.0_221\jre\lib\rt.jar;D:\huy\New folder (2)\store\target\classes;C:\Users\Admin\.m2\repository\org\springframework\boot\spring-boot-starter-web\2.6.3\spring-boot-starter-web-2.6.3.jar;C:\Users\Admin\.m2\repository\org\springframework\boot\spring-boot-starter\2.6.3\spring-boot-starter-2.6.3.jar;C:\Users\Admin\.m2\repository\org\springframework\boot\spring-boot-starter-logging\2.6.3\spring-boot-starter-logging-2.6.3.jar;C:\Users\Admin\.m2\repository\ch\qos\logback\logback-classic\1.2.10\logback-classic-1.2.10.jar;C:\Users\Admin\.m2\repository\ch\qos\logback\logback-core\1.2.10\logback-core-1.2.10.jar;C:\Users\Admin\.m2\repository\org\apache\logging\log4j\log4j-to-s
Launcher Type: SUN_STANDARD

Environment Variables:
JAVA_HOME=C:\Program Files\Java\jdk1.8.0_221
PATH=C:\Program Files (x86)\VMware\VMware Workstation\bin\;C:\Program Files (x86)\PC Connectivity Solution\;C:\Program Files (x86)\Common Files\Oracle\Java\javapath;C:\Windows\system32;C:\Windows;C:\Windows\System32\Wbem;C:\Windows\System32\WindowsPowerShell\v1.0\;C:\Windows\System32\OpenSSH\;C:\MinGW\bin;C:\Program Files\Microsoft SQL Server\110\DTS\Binn\;C:\Program Files (x86)\Microsoft SQL Server\110\Tools\Binn\;C:\Program Files\Microsoft SQL Server\110\Tools\Binn\;C:\Program Files (x86)\Microsoft SQL Server\110\Tools\Binn\ManagementStudio\;C:\Program Files (x86)\Microsoft Visual Studio 10.0\Common7\IDE\PrivateAssemblies\;C:\Program Files (x86)\Microsoft SQL Server\110\DTS\Binn\;C:\Program Files\nodejs\;C:\xampp\php;C:\ProgramData\ComposerSetup\bin;C:\Program Files\Java\jdk1.8.0_221\bin;C:\Program Files\Microsoft SQL Server\120\DTS\Binn\;C:\Program Files\Microsoft SQL Server\Client SDK\ODBC\110\Tools\Binn\;C:\Program Files (x86)\Microsoft SQL Server\120\Tools\Binn\;C:\Program Files\Microsoft SQL Server\120\Tools\Binn\;C:\Program Files (x86)\Microsoft SQL Server\120\Tools\Binn\ManagementStudio\;C:\Program Files (x86)\Microsoft SQL Server\120\DTS\Binn\;C:\Program Files\Microsoft SQL Server\Client SDK\ODBC\170\Tools\Binn\;C:\Program Files\apache-maven-3.6.0\bin;C:\Program Files\dotnet\;C:\Program Files\Git\cmd;C:\Program Files\MySQL\MySQL Shell 8.0\bin\;C:\Users\Admin\AppData\Local\Microsoft\WindowsApps;C:\Users\Admin\AppData\Roaming\npm;C:\Users\Admin\AppData\Roaming\Composer\vendor\bin;C:\Users\Admin\AppData\Local\GitHubDesktop\bin;C:\Program Files\JetBrains\IntelliJ IDEA 2020.1\bin;;C:\Program Files\apache-maven-3.6.0\bin;C:\Program Files\Java\jdk1.8.0_221\bin;C:\Users\Admin\.dotnet\tools
USERNAME=Admin
OS=Windows_NT
PROCESSOR_IDENTIFIER=Intel64 Family 6 Model 78 Stepping 3, GenuineIntel



---------------  S Y S T E M  ---------------

OS: Windows 10.0 , 64 bit Build 17763 (10.0.17763.1)

CPU:total 4 (initial active 4) (2 cores per cpu, 2 threads per core) family 6 model 78 stepping 3, cmov, cx8, fxsr, mmx, sse, sse2, sse3, ssse3, sse4.1, sse4.2, popcnt, avx, avx2, aes, clmul, erms, 3dnowpref, lzcnt, ht, tsc, tscinvbit, bmi1, bmi2, adx

Memory: 4k page, physical 8277840k(2589892k free), swap 15880016k(7313452k free)

vm_info: Java HotSpot(TM) 64-Bit Server VM (25.221-b11) for windows-amd64 JRE (1.8.0_221-b11), built on Jul  4 2019 04:39:29 by "java_re" with MS VC++ 10.0 (VS2010)

time: Thu May 19 16:18:39 2022
timezone: SE Asia Standard Time
elapsed time: 266 seconds (0d 0h 4m 26s)

